Tue Mar 19 19:42:59 UTC 2024
MaxEnt version 3.4.3
Reading file absence
readGrid: max memory 518979584, total allocated 97320960, free 80063472, used 17257488, increment 17257488
Reading samples from presence
Read samples: max memory 518979584, total allocated 97320960, free 73614424, used 23706536, increment 6449048
Adding samples to background in feature space
Command line used:  autorun -e maxent_outputs/absence -o maxent_outputs -s maxent_outputs/presence -z
Command line to repeat: java density.MaxEnt nowarnings noprefixes outputdirectory=maxent_outputs samplesfile=maxent_outputs/presence environmentallayers=maxent_outputs/absence autorun novisible
Species: species
Layers: wc2.1_2.5m_bio_1 wc2.1_2.5m_bio_10 wc2.1_2.5m_bio_11 wc2.1_2.5m_bio_12 wc2.1_2.5m_bio_13 wc2.1_2.5m_bio_14 wc2.1_2.5m_bio_15 wc2.1_2.5m_bio_16 wc2.1_2.5m_bio_17 wc2.1_2.5m_bio_18 wc2.1_2.5m_bio_19 wc2.1_2.5m_bio_2 wc2.1_2.5m_bio_3 wc2.1_2.5m_bio_4 wc2.1_2.5m_bio_5 wc2.1_2.5m_bio_6 wc2.1_2.5m_bio_7 wc2.1_2.5m_bio_8 wc2.1_2.5m_bio_9
Layertypes: Continuous Continuous Continuous Continuous Continuous Continuous Continuous Continuous Continuous Continuous Continuous Continuous Continuous Continuous Continuous Continuous Continuous Continuous Continuous
outputdirectory: maxent_outputs
samplesfile: maxent_outputs/presence
environmentallayers: maxent_outputs/absence
autorun: true
visible: false

getSamples: max memory 518979584, total allocated 97320960, free 91028816, used 6292144, increment -17414392
Making features
makeFeatures: max memory 518979584, total allocated 97320960, free 89969760, used 7351200, increment 1059056
species: 
Regularization values: linear/quadratic/product: 0.050, categorical: 0.250, threshold: 1.000, hinge: 0.500
234 samples
Density: max memory 518979584, total allocated 97320960, free 86809296, used 10511664, increment 3160464
linearPredictor: max memory 518979584, total allocated 97320960, free 86809296, used 10511664, increment 0
FeaturedSpace: max memory 518979584, total allocated 97320960, free 86809296, used 10511664, increment 0
Sequential: max memory 518979584, total allocated 97320960, free 86809296, used 10511664, increment 0
Initial loss: 6.0473721790462776
Time since start: 1.588
500: time = 1.191000 loss = 5.803777
Resulting gain: 0.24359545975346464
Time since start: 3.901
Projecting...
Writing file maxent_outputs/species.csv
Ending
